<?xml version="1.0" encoding="UTF-8"?>
<!-- Generated by org.testng.reporters.JUnitReportReporter -->
<testsuite skipped="0" hostname="ATMECSINLT-255" name="com.arun.LocalProject.JustTest" tests="1" failures="0" timestamp="20 Jul 2019 09:50:24 GMT" time="0.033" errors="0">
  <testcase name="test" time="0.033" classname="com.arun.LocalProject.JustTest"/>
</testsuite> <!-- com.arun.LocalProject.JustTest -->
