<?xml version="1.0" encoding="UTF-8"?>
<!-- Generated by org.testng.reporters.JUnitReportReporter -->
<testsuite skipped="0" hostname="ATMECSINLT-255" name="com.arun.LocalProject.TestScript.LeadsPage.TC_001_CraeatingLeads" tests="1" failures="0" timestamp="20 Aug 2019 13:38:36 GMT" time="21.193" errors="0">
  <testcase name="creatingNewLeads" time="21.193" classname="com.arun.LocalProject.TestScript.LeadsPage.TC_001_CraeatingLeads"/>
</testsuite> <!-- com.arun.LocalProject.TestScript.LeadsPage.TC_001_CraeatingLeads -->
