<?xml version="1.0" encoding="UTF-8"?>
<!-- Generated by org.testng.reporters.JUnitReportReporter -->
<testsuite skipped="0" hostname="ATMECSINLT-255" name="com.arun.LocalProject.TC_001ExcelReading" tests="2" failures="0" timestamp="23 Jul 2019 06:09:29 GMT" time="0.014" errors="0">
  <testcase name="test" time="0.002" classname="com.arun.LocalProject.TC_001ExcelReading"/>
  <testcase name="test" time="0.012" classname="com.arun.LocalProject.TC_001ExcelReading"/>
</testsuite> <!-- com.arun.LocalProject.TC_001ExcelReading -->
