<?xml version="1.0" encoding="UTF-8"?>
<!-- Generated by org.testng.reporters.JUnitReportReporter -->
<testsuite skipped="0" hostname="ATMECSINLT-255" name="com.arun.LocalProject.TestScript.TC_002CheckingValidLogin" tests="1" failures="0" timestamp="14 Aug 2019 08:51:50 GMT" time="7.499" errors="0">
  <testcase name="CheckingValidLogin" time="7.499" classname="com.arun.LocalProject.TestScript.TC_002CheckingValidLogin"/>
</testsuite> <!-- com.arun.LocalProject.TestScript.TC_002CheckingValidLogin -->
