<?xml version="1.0" encoding="UTF-8"?>
<!-- Generated by org.testng.reporters.JUnitReportReporter -->
<testsuite skipped="0" hostname="ATMECSINLT-255" name="com.arun.LocalProject.TestScript.TC_003SwitchToNewtork" tests="1" failures="0" timestamp="14 Aug 2019 08:56:21 GMT" time="10.864" errors="0">
  <testcase name="switchToNewtork" time="10.864" classname="com.arun.LocalProject.TestScript.TC_003SwitchToNewtork"/>
</testsuite> <!-- com.arun.LocalProject.TestScript.TC_003SwitchToNewtork -->
