<?xml version="1.0" encoding="UTF-8"?>
<!-- Generated by org.testng.reporters.JUnitReportReporter -->
<testsuite skipped="0" hostname="ATMECSINLT-255" name="com.arun.LocalProject.TC_001" tests="2" failures="0" timestamp="23 Jul 2019 05:48:39 GMT" time="0.019" errors="0">
  <testcase name="test" time="0.002" classname="com.arun.LocalProject.TC_001"/>
  <testcase name="test" time="0.017" classname="com.arun.LocalProject.TC_001"/>
</testsuite> <!-- com.arun.LocalProject.TC_001 -->
