<?xml version="1.0" encoding="UTF-8"?>
<!-- Generated by org.testng.reporters.JUnitReportReporter -->
<testsuite skipped="0" hostname="ATMECSINLT-255" name="com.arun.LocalProject.TestScript.TC_001ExcelReading" tests="2" failures="0" timestamp="21 Aug 2019 07:30:14 GMT" time="11.261" errors="0">
  <testcase name="test" time="6.311" classname="com.arun.LocalProject.TestScript.TC_001ExcelReading"/>
  <testcase name="test" time="4.950" classname="com.arun.LocalProject.TestScript.TC_001ExcelReading"/>
</testsuite> <!-- com.arun.LocalProject.TestScript.TC_001ExcelReading -->
