<?xml version="1.0" encoding="UTF-8"?>
<!-- Generated by org.testng.reporters.JUnitReportReporter -->
<testsuite skipped="0" hostname="ATMECSINLT-255" name="com.arun.LocalProject.TestScript.LoginPage.TC_002LoginAndLogOff" tests="1" failures="0" timestamp="20 Aug 2019 06:42:57 GMT" time="3.458" errors="0">
  <testcase name="CheckingValidLogin" time="3.458" classname="com.arun.LocalProject.TestScript.LoginPage.TC_002LoginAndLogOff"/>
</testsuite> <!-- com.arun.LocalProject.TestScript.LoginPage.TC_002LoginAndLogOff -->
