<?xml version="1.0" encoding="UTF-8"?>
<!-- Generated by org.testng.reporters.JUnitReportReporter -->
<testsuite skipped="0" hostname="ATMECSINLT-255" name="com.arun.LocalProject.TestScript.QuickCreatePage.TC_001_QuickCreateQrganization" tests="1" failures="0" timestamp="21 Aug 2019 11:18:40 GMT" time="11.202" errors="0">
  <testcase name="quickCreateQrganization" time="11.202" classname="com.arun.LocalProject.TestScript.QuickCreatePage.TC_001_QuickCreateQrganization"/>
</testsuite> <!-- com.arun.LocalProject.TestScript.QuickCreatePage.TC_001_QuickCreateQrganization -->
